<?xml version="1.0" encoding="UTF-8"?>
<!-- Generated by org.testng.reporters.JUnitReportReporter -->
<testsuite hostname="MacBook-Pro-4.local" name="org.molgenis.downloader.api.metadata.MolgenisVersionTest" tests="3" failures="0" timestamp="19 Jan 2017 12:06:02 GMT" time="0.012" errors="0">
  <testcase name="testFrom" time="0.002" classname="org.molgenis.downloader.api.metadata.MolgenisVersionTest"/>
  <testcase name="testLargerThan" time="0.001" classname="org.molgenis.downloader.api.metadata.MolgenisVersionTest"/>
  <testcase name="testComparable" time="0.009" classname="org.molgenis.downloader.api.metadata.MolgenisVersionTest"/>
</testsuite> <!-- org.molgenis.downloader.api.metadata.MolgenisVersionTest -->
